0 info it worked if it ends with ok
1 verbose cli [ 'node', '/Users/Viktor/.nvm/v0.10.35/bin/npm', 'start' ]
2 info using npm@3.3.10
3 info using node@v0.10.35
4 verbose run-script [ 'prestart', 'start', 'poststart' ]
5 info lifecycle myapp@0.0.0~prestart: myapp@0.0.0
6 silly lifecycle myapp@0.0.0~prestart: no script for prestart, continuing
7 info lifecycle myapp@0.0.0~start: myapp@0.0.0
8 verbose lifecycle myapp@0.0.0~start: unsafe-perm in lifecycle true
9 verbose lifecycle myapp@0.0.0~start: PATH: /Users/Viktor/.nvm/v0.10.35/lib/node_modules/npm/bin/node-gyp-bin:/Users/Viktor/Documents/Web stuff/Github/myPlaces2.0/node_modules/.bin:/Users/Viktor/.nvm/v0.10.35/bin:/usr/local/heroku/bin:/usr/bin:/bin:/usr/sbin:/sbin:/usr/local/bin:/usr/local/mongodb:/usr/local/mongodb/bin
10 verbose lifecycle myapp@0.0.0~start: CWD: /Users/Viktor/Documents/Web stuff/Github/myPlaces2.0
11 silly lifecycle myapp@0.0.0~start: Args: [ '-c', 'node ./bin/www' ]
12 silly lifecycle myapp@0.0.0~start: Returned: code: 8  signal: null
13 info lifecycle myapp@0.0.0~start: Failed to exec start script
14 verbose stack Error: myapp@0.0.0 start: `node ./bin/www`
14 verbose stack Exit status 8
14 verbose stack     at EventEmitter.<anonymous> (/Users/Viktor/.nvm/v0.10.35/lib/node_modules/npm/lib/utils/lifecycle.js:232:16)
14 verbose stack     at EventEmitter.emit (events.js:98:17)
14 verbose stack     at ChildProcess.<anonymous> (/Users/Viktor/.nvm/v0.10.35/lib/node_modules/npm/lib/utils/spawn.js:24:14)
14 verbose stack     at ChildProcess.emit (events.js:98:17)
14 verbose stack     at maybeClose (child_process.js:766:16)
14 verbose stack     at Process.ChildProcess._handle.onexit (child_process.js:833:5)
15 verbose pkgid myapp@0.0.0
16 verbose cwd /Users/Viktor/Documents/Web stuff/Github/myPlaces2.0
17 error Darwin 15.2.0
18 error argv "node" "/Users/Viktor/.nvm/v0.10.35/bin/npm" "start"
19 error node v0.10.35
20 error npm  v3.3.10
21 error code ELIFECYCLE
22 error myapp@0.0.0 start: `node ./bin/www`
22 error Exit status 8
23 error Failed at the myapp@0.0.0 start script 'node ./bin/www'.
23 error Make sure you have the latest version of node.js and npm installed.
23 error If you do, this is most likely a problem with the myapp package,
23 error not with npm itself.
23 error Tell the author that this fails on your system:
23 error     node ./bin/www
23 error You can get their info via:
23 error     npm owner ls myapp
23 error There is likely additional logging output above.
24 verbose exit [ 1, true ]
